<?xml version="1.0" encoding="UTF-8"?>
<testsuite name="FizzBuzzTests" tests="1" skipped="0" failures="0" errors="0" timestamp="2022-07-13T12:27:39" hostname="DEPTNV9FFY0R5" time="0.054">
  <properties/>
  <testcase name="example test()" classname="FizzBuzzTests" time="0.054"/>
  <system-out><![CDATA[]]></system-out>
  <system-err><![CDATA[]]></system-err>
</testsuite>
